# JRE version: Java(TM) SE Runtime Environment (8.0_161-b12) (build 1.8.0_161-b12)
# Java VM: Java HotSpot(TM) 64-Bit Server VM (25.161-b12 mixed mode windows-amd64 compressed oops)
Heap:
 PSYoungGen      total 27136K, used 3373K [0x00000000f7b00000, 0x00000000f9980000, 0x0000000100000000)
  eden space 23040K, 4% used [0x00000000f7b00000,0x00000000f7c0e0a8,0x00000000f9180000)
  from space 4096K, 55% used [0x00000000f9580000,0x00000000f97bd670,0x00000000f9980000)
  to   space 3072K, 0% used [0x00000000f9200000,0x00000000f9200000,0x00000000f9500000)
 ParOldGen       total 65536K, used 1787K [0x00000000e7000000, 0x00000000eb000000, 0x00000000f7b00000)
  object space 65536K, 2% used [0x00000000e7000000,0x00000000e71bed48,0x00000000eb000000)
 Metaspace       used 11571K, capacity 11902K, committed 12032K, reserved 1060864K
  class space    used 1340K, capacity 1436K, committed 1536K, reserved 1048576K
GC Heap History (10 events):
Event: 1.939 GC heap before
{Heap before GC invocations=4 (full 0):
 PSYoungGen      total 28672K, used 26688K [0x00000000f7b00000, 0x00000000f9b00000, 0x0000000100000000)
  eden space 24576K, 100% used [0x00000000f7b00000,0x00000000f9300000,0x00000000f9300000)
  from space 4096K, 51% used [0x00000000f9300000,0x00000000f9510000,0x00000000f9700000)
  to   space 4096K, 0% used [0x00000000f9700000,0x00000000f9700000,0x00000000f9b00000)
 ParOldGen       total 65536K, used 96K [0x00000000e7000000, 0x00000000eb000000, 0x00000000f7b00000)
  object space 65536K, 0% used [0x00000000e7000000,0x00000000e7018010,0x00000000eb000000)
 Metaspace       used 6912K, capacity 7106K, committed 7296K, reserved 1056768K
  class space    used 755K, capacity 791K, committed 896K, reserved 1048576K
Event: 1.941 GC heap after
Heap after GC invocations=4 (full 0):
 PSYoungGen      total 28672K, used 1952K [0x00000000f7b00000, 0x00000000f9b00000, 0x0000000100000000)
  eden space 24576K, 0% used [0x00000000f7b00000,0x00000000f7b00000,0x00000000f9300000)
  from space 4096K, 47% used [0x00000000f9700000,0x00000000f98e8000,0x00000000f9b00000)
  to   space 4096K, 0% used [0x00000000f9300000,0x00000000f9300000,0x00000000f9700000)
 ParOldGen       total 65536K, used 104K [0x00000000e7000000, 0x00000000eb000000, 0x00000000f7b00000)
  object space 65536K, 0% used [0x00000000e7000000,0x00000000e701a010,0x00000000eb000000)
 Metaspace       used 6912K, capacity 7106K, committed 7296K, reserved 1056768K
  class space    used 755K, capacity 791K, committed 896K, reserved 1048576K
}
Event: 2.184 GC heap before
{Heap before GC invocations=5 (full 0):
 PSYoungGen      total 28672K, used 26528K [0x00000000f7b00000, 0x00000000f9b00000, 0x0000000100000000)
  eden space 24576K, 100% used [0x00000000f7b00000,0x00000000f9300000,0x00000000f9300000)
  from space 4096K, 47% used [0x00000000f9700000,0x00000000f98e8000,0x00000000f9b00000)
  to   space 4096K, 0% used [0x00000000f9300000,0x00000000f9300000,0x00000000f9700000)
 ParOldGen       total 65536K, used 104K [0x00000000e7000000, 0x00000000eb000000, 0x00000000f7b00000)
  object space 65536K, 0% used [0x00000000e7000000,0x00000000e701a010,0x00000000eb000000)
 Metaspace       used 6913K, capacity 7106K, committed 7296K, reserved 1056768K
  class space    used 755K, capacity 791K, committed 896K, reserved 1048576K
Event: 2.186 GC heap after
Heap after GC invocations=5 (full 0):
 PSYoungGen      total 26112K, used 1936K [0x00000000f7b00000, 0x00000000f9a80000, 0x0000000100000000)
  eden space 24064K, 0% used [0x00000000f7b00000,0x00000000f7b00000,0x00000000f9280000)
  from space 2048K, 94% used [0x00000000f9300000,0x00000000f94e4010,0x00000000f9500000)
  to   space 4096K, 0% used [0x00000000f9680000,0x00000000f9680000,0x00000000f9a80000)
 ParOldGen       total 65536K, used 104K [0x00000000e7000000, 0x00000000eb000000, 0x00000000f7b00000)
  object space 65536K, 0% used [0x00000000e7000000,0x00000000e701a010,0x00000000eb000000)
 Metaspace       used 6913K, capacity 7106K, committed 7296K, reserved 1056768K
  class space    used 755K, capacity 791K, committed 896K, reserved 1048576K
}
Event: 2.700 GC heap before
{Heap before GC invocations=6 (full 0):
 PSYoungGen      total 26112K, used 26000K [0x00000000f7b00000, 0x00000000f9a80000, 0x0000000100000000)
  eden space 24064K, 100% used [0x00000000f7b00000,0x00000000f9280000,0x00000000f9280000)
  from space 2048K, 94% used [0x00000000f9300000,0x00000000f94e4010,0x00000000f9500000)
  to   space 4096K, 0% used [0x00000000f9680000,0x00000000f9680000,0x00000000f9a80000)
 ParOldGen       total 65536K, used 104K [0x00000000e7000000, 0x00000000eb000000, 0x00000000f7b00000)
  object space 65536K, 0% used [0x00000000e7000000,0x00000000e701a010,0x00000000eb000000)
 Metaspace       used 9943K, capacity 10242K, committed 10496K, reserved 1058816K
  class space    used 1125K, capacity 1203K, committed 1280K, reserved 1048576K
Event: 2.704 GC heap after
Heap after GC invocations=6 (full 0):
 PSYoungGen      total 27136K, used 3120K [0x00000000f7b00000, 0x00000000f9a00000, 0x0000000100000000)
  eden space 23552K, 0% used [0x00000000f7b00000,0x00000000f7b00000,0x00000000f9200000)
  from space 3584K, 87% used [0x00000000f9680000,0x00000000f998c010,0x00000000f9a00000)
  to   space 4096K, 0% used [0x00000000f9200000,0x00000000f9200000,0x00000000f9600000)
 ParOldGen       total 65536K, used 112K [0x00000000e7000000, 0x00000000eb000000, 0x00000000f7b00000)
  object space 65536K, 0% used [0x00000000e7000000,0x00000000e701c010,0x00000000eb000000)
 Metaspace       used 9943K, capacity 10242K, committed 10496K, reserved 1058816K
  class space    used 1125K, capacity 1203K, committed 1280K, reserved 1048576K
}
Event: 3.064 GC heap before
{Heap before GC invocations=7 (full 0):
 PSYoungGen      total 27136K, used 26672K [0x00000000f7b00000, 0x00000000f9a00000, 0x0000000100000000)
  eden space 23552K, 100% used [0x00000000f7b00000,0x00000000f9200000,0x00000000f9200000)
  from space 3584K, 87% used [0x00000000f9680000,0x00000000f998c010,0x00000000f9a00000)
  to   space 4096K, 0% used [0x00000000f9200000,0x00000000f9200000,0x00000000f9600000)
 ParOldGen       total 65536K, used 112K [0x00000000e7000000, 0x00000000eb000000, 0x00000000f7b00000)
  object space 65536K, 0% used [0x00000000e7000000,0x00000000e701c010,0x00000000eb000000)
 Metaspace       used 10027K, capacity 10370K, committed 10496K, reserved 1058816K
  class space    used 1148K, capacity 1267K, committed 1280K, reserved 1048576K
Event: 3.068 GC heap after
Heap after GC invocations=7 (full 0):
 PSYoungGen      total 26112K, used 2903K [0x00000000f7b00000, 0x00000000f9980000, 0x0000000100000000)
  eden space 23040K, 0% used [0x00000000f7b00000,0x00000000f7b00000,0x00000000f9180000)
  from space 3072K, 94% used [0x00000000f9200000,0x00000000f94d5c98,0x00000000f9500000)
  to   space 4096K, 0% used [0x00000000f9580000,0x00000000f9580000,0x00000000f9980000)
 ParOldGen       total 65536K, used 1140K [0x00000000e7000000, 0x00000000eb000000, 0x00000000f7b00000)
  object space 65536K, 1% used [0x00000000e7000000,0x00000000e711d090,0x00000000eb000000)
 Metaspace       used 10027K, capacity 10370K, committed 10496K, reserved 1058816K
  class space    used 1148K, capacity 1267K, committed 1280K, reserved 1048576K
}
Event: 3.350 GC heap before
{Heap before GC invocations=8 (full 0):
 PSYoungGen      total 26112K, used 25943K [0x00000000f7b00000, 0x00000000f9980000, 0x0000000100000000)
  eden space 23040K, 100% used [0x00000000f7b00000,0x00000000f9180000,0x00000000f9180000)
  from space 3072K, 94% used [0x00000000f9200000,0x00000000f94d5c98,0x00000000f9500000)
  to   space 4096K, 0% used [0x00000000f9580000,0x00000000f9580000,0x00000000f9980000)
 ParOldGen       total 65536K, used 1140K [0x00000000e7000000, 0x00000000eb000000, 0x00000000f7b00000)
  object space 65536K, 1% used [0x00000000e7000000,0x00000000e711d090,0x00000000eb000000)
 Metaspace       used 11560K, capacity 11902K, committed 12032K, reserved 1060864K
  class space    used 1339K, capacity 1436K, committed 1536K, reserved 1048576K
Event: 3.355 GC heap after
Heap after GC invocations=8 (full 0):
 PSYoungGen      total 27136K, used 2293K [0x00000000f7b00000, 0x00000000f9980000, 0x0000000100000000)
  eden space 23040K, 0% used [0x00000000f7b00000,0x00000000f7b00000,0x00000000f9180000)
  from space 4096K, 55% used [0x00000000f9580000,0x00000000f97bd670,0x00000000f9980000)
  to   space 3072K, 0% used [0x00000000f9200000,0x00000000f9200000,0x00000000f9500000)
 ParOldGen       total 65536K, used 1787K [0x00000000e7000000, 0x00000000eb000000, 0x00000000f7b00000)
  object space 65536K, 2% used [0x00000000e7000000,0x00000000e71bed48,0x00000000eb000000)
 Metaspace       used 11560K, capacity 11902K, committed 12032K, reserved 1060864K
  class space    used 1339K, capacity 1436K, committed 1536K, reserved 1048576K
}

