# JRE version: Java(TM) SE Runtime Environment (8.0_161-b12) (build 1.8.0_161-b12)
# Java VM: Java HotSpot(TM) 64-Bit Server VM (25.161-b12 mixed mode windows-amd64 compressed oops)
Heap:
 PSYoungGen      total 28672K, used 19070K [0x00000000f7b00000, 0x00000000f9b00000, 0x0000000100000000)
  eden space 24576K, 69% used [0x00000000f7b00000,0x00000000f8bb9ca8,0x00000000f9300000)
  from space 4096K, 47% used [0x00000000f9700000,0x00000000f98e5c98,0x00000000f9b00000)
  to   space 4096K, 0% used [0x00000000f9300000,0x00000000f9300000,0x00000000f9700000)
 ParOldGen       total 65536K, used 104K [0x00000000e7000000, 0x00000000eb000000, 0x00000000f7b00000)
  object space 65536K, 0% used [0x00000000e7000000,0x00000000e701a010,0x00000000eb000000)
 Metaspace       used 6910K, capacity 7106K, committed 7296K, reserved 1056768K
  class space    used 755K, capacity 791K, committed 896K, reserved 1048576K
GC Heap History (8 events):
Event: 7.435 GC heap before
{Heap before GC invocations=1 (full 0):
 PSYoungGen      total 28672K, used 24576K [0x00000000f7b00000, 0x00000000f9b00000, 0x0000000100000000)
  eden space 24576K, 100% used [0x00000000f7b00000,0x00000000f9300000,0x00000000f9300000)
  from space 4096K, 0% used [0x00000000f9700000,0x00000000f9700000,0x00000000f9b00000)
  to   space 4096K, 0% used [0x00000000f9300000,0x00000000f9300000,0x00000000f9700000)
 ParOldGen       total 65536K, used 0K [0x00000000e7000000, 0x00000000eb000000, 0x00000000f7b00000)
  object space 65536K, 0% used [0x00000000e7000000,0x00000000e7000000,0x00000000eb000000)
 Metaspace       used 4861K, capacity 5152K, committed 5248K, reserved 1056768K
  class space    used 550K, capacity 596K, committed 640K, reserved 1048576K
Event: 7.440 GC heap after
Heap after GC invocations=1 (full 0):
 PSYoungGen      total 28672K, used 3286K [0x00000000f7b00000, 0x00000000f9b00000, 0x0000000100000000)
  eden space 24576K, 0% used [0x00000000f7b00000,0x00000000f7b00000,0x00000000f9300000)
  from space 4096K, 80% used [0x00000000f9300000,0x00000000f9635af0,0x00000000f9700000)
  to   space 4096K, 0% used [0x00000000f9700000,0x00000000f9700000,0x00000000f9b00000)
 ParOldGen       total 65536K, used 8K [0x00000000e7000000, 0x00000000eb000000, 0x00000000f7b00000)
  object space 65536K, 0% used [0x00000000e7000000,0x00000000e7002000,0x00000000eb000000)
 Metaspace       used 4861K, capacity 5152K, committed 5248K, reserved 1056768K
  class space    used 550K, capacity 596K, committed 640K, reserved 1048576K
}
Event: 16.062 GC heap before
{Heap before GC invocations=2 (full 0):
 PSYoungGen      total 28672K, used 27862K [0x00000000f7b00000, 0x00000000f9b00000, 0x0000000100000000)
  eden space 24576K, 100% used [0x00000000f7b00000,0x00000000f9300000,0x00000000f9300000)
  from space 4096K, 80% used [0x00000000f9300000,0x00000000f9635af0,0x00000000f9700000)
  to   space 4096K, 0% used [0x00000000f9700000,0x00000000f9700000,0x00000000f9b00000)
 ParOldGen       total 65536K, used 8K [0x00000000e7000000, 0x00000000eb000000, 0x00000000f7b00000)
  object space 65536K, 0% used [0x00000000e7000000,0x00000000e7002000,0x00000000eb000000)
 Metaspace       used 4973K, capacity 5216K, committed 5504K, reserved 1056768K
  class space    used 562K, capacity 596K, committed 640K, reserved 1048576K
Event: 16.067 GC heap after
Heap after GC invocations=2 (full 0):
 PSYoungGen      total 28672K, used 2976K [0x00000000f7b00000, 0x00000000f9b00000, 0x0000000100000000)
  eden space 24576K, 0% used [0x00000000f7b00000,0x00000000f7b00000,0x00000000f9300000)
  from space 4096K, 72% used [0x00000000f9700000,0x00000000f99e83b8,0x00000000f9b00000)
  to   space 4096K, 0% used [0x00000000f9300000,0x00000000f9300000,0x00000000f9700000)
 ParOldGen       total 65536K, used 16K [0x00000000e7000000, 0x00000000eb000000, 0x00000000f7b00000)
  object space 65536K, 0% used [0x00000000e7000000,0x00000000e7004000,0x00000000eb000000)
 Metaspace       used 4973K, capacity 5216K, committed 5504K, reserved 1056768K
  class space    used 562K, capacity 596K, committed 640K, reserved 1048576K
}
Event: 16.652 GC heap before
{Heap before GC invocations=3 (full 0):
 PSYoungGen      total 28672K, used 27552K [0x00000000f7b00000, 0x00000000f9b00000, 0x0000000100000000)
  eden space 24576K, 100% used [0x00000000f7b00000,0x00000000f9300000,0x00000000f9300000)
  from space 4096K, 72% used [0x00000000f9700000,0x00000000f99e83b8,0x00000000f9b00000)
  to   space 4096K, 0% used [0x00000000f9300000,0x00000000f9300000,0x00000000f9700000)
 ParOldGen       total 65536K, used 16K [0x00000000e7000000, 0x00000000eb000000, 0x00000000f7b00000)
  object space 65536K, 0% used [0x00000000e7000000,0x00000000e7004000,0x00000000eb000000)
 Metaspace       used 6905K, capacity 7042K, committed 7296K, reserved 1056768K
  class space    used 755K, capacity 791K, committed 896K, reserved 1048576K
Event: 16.654 GC heap after
Heap after GC invocations=3 (full 0):
 PSYoungGen      total 28672K, used 2135K [0x00000000f7b00000, 0x00000000f9b00000, 0x0000000100000000)
  eden space 24576K, 0% used [0x00000000f7b00000,0x00000000f7b00000,0x00000000f9300000)
  from space 4096K, 52% used [0x00000000f9300000,0x00000000f9515c98,0x00000000f9700000)
  to   space 4096K, 0% used [0x00000000f9700000,0x00000000f9700000,0x00000000f9b00000)
 ParOldGen       total 65536K, used 96K [0x00000000e7000000, 0x00000000eb000000, 0x00000000f7b00000)
  object space 65536K, 0% used [0x00000000e7000000,0x00000000e7018010,0x00000000eb000000)
 Metaspace       used 6905K, capacity 7042K, committed 7296K, reserved 1056768K
  class space    used 755K, capacity 791K, committed 896K, reserved 1048576K
}
Event: 16.776 GC heap before
{Heap before GC invocations=4 (full 0):
 PSYoungGen      total 28672K, used 26711K [0x00000000f7b00000, 0x00000000f9b00000, 0x0000000100000000)
  eden space 24576K, 100% used [0x00000000f7b00000,0x00000000f9300000,0x00000000f9300000)
  from space 4096K, 52% used [0x00000000f9300000,0x00000000f9515c98,0x00000000f9700000)
  to   space 4096K, 0% used [0x00000000f9700000,0x00000000f9700000,0x00000000f9b00000)
 ParOldGen       total 65536K, used 96K [0x00000000e7000000, 0x00000000eb000000, 0x00000000f7b00000)
  object space 65536K, 0% used [0x00000000e7000000,0x00000000e7018010,0x00000000eb000000)
 Metaspace       used 6909K, capacity 7106K, committed 7296K, reserved 1056768K
  class space    used 755K, capacity 791K, committed 896K, reserved 1048576K
Event: 16.778 GC heap after
Heap after GC invocations=4 (full 0):
 PSYoungGen      total 28672K, used 1943K [0x00000000f7b00000, 0x00000000f9b00000, 0x0000000100000000)
  eden space 24576K, 0% used [0x00000000f7b00000,0x00000000f7b00000,0x00000000f9300000)
  from space 4096K, 47% used [0x00000000f9700000,0x00000000f98e5c98,0x00000000f9b00000)
  to   space 4096K, 0% used [0x00000000f9300000,0x00000000f9300000,0x00000000f9700000)
 ParOldGen       total 65536K, used 104K [0x00000000e7000000, 0x00000000eb000000, 0x00000000f7b00000)
  object space 65536K, 0% used [0x00000000e7000000,0x00000000e701a010,0x00000000eb000000)
 Metaspace       used 6909K, capacity 7106K, committed 7296K, reserved 1056768K
  class space    used 755K, capacity 791K, committed 896K, reserved 1048576K
}

