# JRE version: Java(TM) SE Runtime Environment (8.0_161-b12) (build 1.8.0_161-b12)
# Java VM: Java HotSpot(TM) 64-Bit Server VM (25.161-b12 mixed mode windows-amd64 compressed oops)
Heap:
 PSYoungGen      total 120832K, used 103142K [0x00000000f7b00000, 0x00000000fff00000, 0x0000000100000000)
  eden space 107520K, 95% used [0x00000000f7b00000,0x00000000fdf69b00,0x00000000fe400000)
  from space 13312K, 2% used [0x00000000fe400000,0x00000000fe450000,0x00000000ff100000)
  to   space 12800K, 0% used [0x00000000ff280000,0x00000000ff280000,0x00000000fff00000)
 ParOldGen       total 88064K, used 29268K [0x00000000e7000000, 0x00000000ec600000, 0x00000000f7b00000)
  object space 88064K, 33% used [0x00000000e7000000,0x00000000e8c95108,0x00000000ec600000)
 Metaspace       used 39198K, capacity 39527K, committed 39808K, reserved 1083392K
  class space    used 5099K, capacity 5189K, committed 5248K, reserved 1048576K
GC Heap History (10 events):
Event: 18.695 GC heap before
{Heap before GC invocations=27 (full 2):
 PSYoungGen      total 118784K, used 105510K [0x00000000f7b00000, 0x00000000fff00000, 0x0000000100000000)
  eden space 103424K, 100% used [0x00000000f7b00000,0x00000000fe000000,0x00000000fe000000)
  from space 15360K, 13% used [0x00000000ff000000,0x00000000ff209970,0x00000000fff00000)
  to   space 15872K, 0% used [0x00000000fe000000,0x00000000fe000000,0x00000000fef80000)
 ParOldGen       total 88064K, used 23645K [0x00000000e7000000, 0x00000000ec600000, 0x00000000f7b00000)
  object space 88064K, 26% used [0x00000000e7000000,0x00000000e87175f8,0x00000000ec600000)
 Metaspace       used 36424K, capacity 36699K, committed 36992K, reserved 1081344K
  class space    used 4783K, capacity 4867K, committed 4992K, reserved 1048576K
Event: 18.697 GC heap after
Heap after GC invocations=27 (full 2):
 PSYoungGen      total 119296K, used 1329K [0x00000000f7b00000, 0x00000000fff80000, 0x0000000100000000)
  eden space 103424K, 0% used [0x00000000f7b00000,0x00000000f7b00000,0x00000000fe000000)
  from space 15872K, 8% used [0x00000000fe000000,0x00000000fe14c6d8,0x00000000fef80000)
  to   space 15360K, 0% used [0x00000000ff080000,0x00000000ff080000,0x00000000fff80000)
 ParOldGen       total 88064K, used 23877K [0x00000000e7000000, 0x00000000ec600000, 0x00000000f7b00000)
  object space 88064K, 27% used [0x00000000e7000000,0x00000000e87515f8,0x00000000ec600000)
 Metaspace       used 36424K, capacity 36699K, committed 36992K, reserved 1081344K
  class space    used 4783K, capacity 4867K, committed 4992K, reserved 1048576K
}
Event: 19.206 GC heap before
{Heap before GC invocations=28 (full 2):
 PSYoungGen      total 119296K, used 104753K [0x00000000f7b00000, 0x00000000fff80000, 0x0000000100000000)
  eden space 103424K, 100% used [0x00000000f7b00000,0x00000000fe000000,0x00000000fe000000)
  from space 15872K, 8% used [0x00000000fe000000,0x00000000fe14c6d8,0x00000000fef80000)
  to   space 15360K, 0% used [0x00000000ff080000,0x00000000ff080000,0x00000000fff80000)
 ParOldGen       total 88064K, used 23877K [0x00000000e7000000, 0x00000000ec600000, 0x00000000f7b00000)
  object space 88064K, 27% used [0x00000000e7000000,0x00000000e87515f8,0x00000000ec600000)
 Metaspace       used 37019K, capacity 37281K, committed 37504K, reserved 1081344K
  class space    used 4838K, capacity 4932K, committed 4992K, reserved 1048576K
Event: 19.208 GC heap after
Heap after GC invocations=28 (full 2):
 PSYoungGen      total 119296K, used 2659K [0x00000000f7b00000, 0x00000000ffe80000, 0x0000000100000000)
  eden space 104960K, 0% used [0x00000000f7b00000,0x00000000f7b00000,0x00000000fe180000)
  from space 14336K, 18% used [0x00000000ff080000,0x00000000ff318e00,0x00000000ffe80000)
  to   space 14848K, 0% used [0x00000000fe180000,0x00000000fe180000,0x00000000ff000000)
 ParOldGen       total 88064K, used 23998K [0x00000000e7000000, 0x00000000ec600000, 0x00000000f7b00000)
  object space 88064K, 27% used [0x00000000e7000000,0x00000000e876fbd8,0x00000000ec600000)
 Metaspace       used 37019K, capacity 37281K, committed 37504K, reserved 1081344K
  class space    used 4838K, capacity 4932K, committed 4992K, reserved 1048576K
}
Event: 19.473 GC heap before
{Heap before GC invocations=29 (full 2):
 PSYoungGen      total 119296K, used 107619K [0x00000000f7b00000, 0x00000000ffe80000, 0x0000000100000000)
  eden space 104960K, 100% used [0x00000000f7b00000,0x00000000fe180000,0x00000000fe180000)
  from space 14336K, 18% used [0x00000000ff080000,0x00000000ff318e00,0x00000000ffe80000)
  to   space 14848K, 0% used [0x00000000fe180000,0x00000000fe180000,0x00000000ff000000)
 ParOldGen       total 88064K, used 23998K [0x00000000e7000000, 0x00000000ec600000, 0x00000000f7b00000)
  object space 88064K, 27% used [0x00000000e7000000,0x00000000e876fbd8,0x00000000ec600000)
 Metaspace       used 37524K, capacity 37857K, committed 38144K, reserved 1083392K
  class space    used 4912K, capacity 4996K, committed 5120K, reserved 1048576K
Event: 19.476 GC heap after
Heap after GC invocations=29 (full 2):
 PSYoungGen      total 119808K, used 2468K [0x00000000f7b00000, 0x00000000ffe80000, 0x0000000100000000)
  eden space 104960K, 0% used [0x00000000f7b00000,0x00000000f7b00000,0x00000000fe180000)
  from space 14848K, 16% used [0x00000000fe180000,0x00000000fe3e9210,0x00000000ff000000)
  to   space 13824K, 0% used [0x00000000ff100000,0x00000000ff100000,0x00000000ffe80000)
 ParOldGen       total 88064K, used 23998K [0x00000000e7000000, 0x00000000ec600000, 0x00000000f7b00000)
  object space 88064K, 27% used [0x00000000e7000000,0x00000000e876fbd8,0x00000000ec600000)
 Metaspace       used 37524K, capacity 37857K, committed 38144K, reserved 1083392K
  class space    used 4912K, capacity 4996K, committed 5120K, reserved 1048576K
}
Event: 19.889 GC heap before
{Heap before GC invocations=30 (full 2):
 PSYoungGen      total 119808K, used 107428K [0x00000000f7b00000, 0x00000000ffe80000, 0x0000000100000000)
  eden space 104960K, 100% used [0x00000000f7b00000,0x00000000fe180000,0x00000000fe180000)
  from space 14848K, 16% used [0x00000000fe180000,0x00000000fe3e9210,0x00000000ff000000)
  to   space 13824K, 0% used [0x00000000ff100000,0x00000000ff100000,0x00000000ffe80000)
 ParOldGen       total 88064K, used 23998K [0x00000000e7000000, 0x00000000ec600000, 0x00000000f7b00000)
  object space 88064K, 27% used [0x00000000e7000000,0x00000000e876fbd8,0x00000000ec600000)
 Metaspace       used 38769K, capacity 39105K, committed 39552K, reserved 1083392K
  class space    used 5057K, capacity 5156K, committed 5248K, reserved 1048576K
Event: 19.894 GC heap after
Heap after GC invocations=30 (full 2):
 PSYoungGen      total 120832K, used 4654K [0x00000000f7b00000, 0x00000000ffe00000, 0x0000000100000000)
  eden space 107520K, 0% used [0x00000000f7b00000,0x00000000f7b00000,0x00000000fe400000)
  from space 13312K, 34% used [0x00000000ff100000,0x00000000ff58b8f0,0x00000000ffe00000)
  to   space 13312K, 0% used [0x00000000fe400000,0x00000000fe400000,0x00000000ff100000)
 ParOldGen       total 88064K, used 25684K [0x00000000e7000000, 0x00000000ec600000, 0x00000000f7b00000)
  object space 88064K, 29% used [0x00000000e7000000,0x00000000e8915098,0x00000000ec600000)
 Metaspace       used 38769K, capacity 39105K, committed 39552K, reserved 1083392K
  class space    used 5057K, capacity 5156K, committed 5248K, reserved 1048576K
}
Event: 22.402 GC heap before
{Heap before GC invocations=31 (full 2):
 PSYoungGen      total 120832K, used 112174K [0x00000000f7b00000, 0x00000000ffe00000, 0x0000000100000000)
  eden space 107520K, 100% used [0x00000000f7b00000,0x00000000fe400000,0x00000000fe400000)
  from space 13312K, 34% used [0x00000000ff100000,0x00000000ff58b8f0,0x00000000ffe00000)
  to   space 13312K, 0% used [0x00000000fe400000,0x00000000fe400000,0x00000000ff100000)
 ParOldGen       total 88064K, used 25684K [0x00000000e7000000, 0x00000000ec600000, 0x00000000f7b00000)
  object space 88064K, 29% used [0x00000000e7000000,0x00000000e8915098,0x00000000ec600000)
 Metaspace       used 39081K, capacity 39393K, committed 39808K, reserved 1083392K
  class space    used 5095K, capacity 5188K, committed 5248K, reserved 1048576K
Event: 22.409 GC heap after
Heap after GC invocations=31 (full 2):
 PSYoungGen      total 120832K, used 320K [0x00000000f7b00000, 0x00000000fff00000, 0x0000000100000000)
  eden space 107520K, 0% used [0x00000000f7b00000,0x00000000f7b00000,0x00000000fe400000)
  from space 13312K, 2% used [0x00000000fe400000,0x00000000fe450000,0x00000000ff100000)
  to   space 12800K, 0% used [0x00000000ff280000,0x00000000ff280000,0x00000000fff00000)
 ParOldGen       total 88064K, used 29268K [0x00000000e7000000, 0x00000000ec600000, 0x00000000f7b00000)
  object space 88064K, 33% used [0x00000000e7000000,0x00000000e8c95108,0x00000000ec600000)
 Metaspace       used 39081K, capacity 39393K, committed 39808K, reserved 1083392K
  class space    used 5095K, capacity 5188K, committed 5248K, reserved 1048576K
}

